OpenJDK 64-Bit Server VM warning: If the number of processors is expected to increase from one, then you should configure the number of parallel GC threads appropriately using -XX:ParallelGCThreads=N
Apr 13, 2018 6:24:10 AM org.apache.coyote.AbstractProtocol init
INFO: Initializing ProtocolHandler ["http-nio-8081"]
Apr 13, 2018 6:24:11 AM org.apache.tomcat.util.net.NioSelectorPool getSharedSelector
INFO: Using a shared selector for servlet write/read
Apr 13, 2018 6:24:11 AM org.apache.coyote.AbstractProtocol init
INFO: Initializing ProtocolHandler ["http-nio-8040"]
Apr 13, 2018 6:24:11 AM org.apache.tomcat.util.net.NioSelectorPool getSharedSelector
INFO: Using a shared selector for servlet write/read
Apr 13, 2018 6:24:11 AM org.apache.coyote.AbstractProtocol init
INFO: Initializing ProtocolHandler ["ajp-nio-8019"]
Apr 13, 2018 6:24:11 AM org.apache.tomcat.util.net.NioSelectorPool getSharedSelector
INFO: Using a shared selector for servlet write/read
Apr 13, 2018 6:24:11 AM org.apache.catalina.core.StandardService startInternal
INFO: Starting service [Catalina]
Apr 13, 2018 6:24:11 AM org.apache.catalina.core.StandardEngine startInternal
INFO: Starting Servlet Engine: Apache Tomcat/8.5.23
Apr 13, 2018 6:24:11 AM org.apache.catalina.startup.HostConfig deployDescriptor
INFO: Deploying configuration descriptor [/opt/jfrog/artifactory/tomcat/conf/Catalina/localhost/access.xml]
Apr 13, 2018 6:24:11 AM org.apache.catalina.startup.HostConfig deployDescriptor
INFO: Deploying configuration descriptor [/opt/jfrog/artifactory/tomcat/conf/Catalina/localhost/artifactory.xml]
2018-04-13 06:24:13 [UNDEFINED] [INFO ] Fetched Artifactory [artifactory.home=null] from servlet context
2018-04-13 06:24:13 [UNDEFINED] [INFO ] Resolved Artifactory home by logger [artifactory.home=/var/opt/jfrog/artifactory].
06:24:14.064 [localhost-startStop-2] DEBUG org.artifactory.converter.VersionProviderImpl - Last Artifactory database version is: v5102
06:24:14.103 [localhost-startStop-2] INFO org.artifactory.converter.ConvertersManagerImpl - Triggering PRE_INIT conversion, from v5102 to v5102
06:24:14.103 [localhost-startStop-2] INFO org.artifactory.converter.ConvertersManagerImpl - Finished PRE_INIT conversion, current version is: v5102
2018-04-13 06:24:14 [ARTIFACTORY] [INFO ] master.key file currently missing - waiting for Access to create it. Reattempting to check master.key file existence in 1 second.
2018-04-13 06:24:15 [ARTIFACTORY] [INFO ] master.key file currently missing - waiting for Access to create it. Reattempting to check master.key file existence in 1 second.
     /\
    /  \   ___ ___ ___  ___ ___
   / /\ \ / __/ __/ _ \/ __/ __|
  / ____ \ (_| (_|  __/\__ \__ \
 /_/    \_\___\___\___||___/___/
Access Version:  3.3.2
Access Revision: 30302900


2018-04-13 06:24:15.842  INFO 1862 --- [ost-startStop-1] o.j.a.s.startup.AccessHomeFinderImpl     : Using JFrog Access home at '/var/opt/jfrog/artifactory/access' resolved from: System property (Artifactory)
2018-04-13 06:24:15.911  INFO 1862 --- [ost-startStop-1] o.j.a.migration.ConfigMigrationRunner    : Current version of Access Home is 3, latest version is 4. Applying migrations.
2018-04-13 06:24:15.916  INFO 1862 --- [ost-startStop-1] o.j.a.migration.ConfigMigrationRunner    : Migrating Access Home to version 4
2018-04-13 06:24:16 [ARTIFACTORY] [INFO ] master.key file currently missing - waiting for Access to create it. Reattempting to check master.key file existence in 1 second.
2018-04-13 06:24:16,286 [localhost-startStop-1] [JFrog-Access] [INFO ] (o.j.a.c.JFrogApplicationContextInitializer:74) - Using JFrog Access home at '/var/opt/jfrog/artifactory/access'
2018-04-13 06:24:16,323 [localhost-startStop-1] [JFrog-Access] [INFO ] (o.j.a.AccessApplication:48) - Starting AccessApplication v3.3.2 on ip-172-31-26-88.us-west-2.compute.internal with PID 1862 (/opt/jfrog/artifactory/tomcat/webapps/access/WEB-INF/lib/access-application-3.3.2.jar started by artifactory in /)
2018-04-13 06:24:16,323 [localhost-startStop-1] [JFrog-Access] [INFO ] (o.j.a.AccessApplication:597) - The following profiles are active: production,grpc
2018-04-13 06:24:17 [ARTIFACTORY] [INFO ] master.key file currently missing - waiting for Access to create it. Reattempting to check master.key file existence in 1 second.
2018-04-13 06:24:18 [ARTIFACTORY] [INFO ] master.key file currently missing - waiting for Access to create it. Reattempting to check master.key file existence in 1 second.
2018-04-13 06:24:19 [ARTIFACTORY] [INFO ] master.key file currently missing - waiting for Access to create it. Reattempting to check master.key file existence in 1 second.
2018-04-13 06:24:20 [ARTIFACTORY] [INFO ] master.key file currently missing - waiting for Access to create it. Reattempting to check master.key file existence in 1 second.
2018-04-13 06:24:21 [ARTIFACTORY] [INFO ] master.key file currently missing - waiting for Access to create it. Reattempting to check master.key file existence in 1 second.
2018-04-13 06:24:22 [ARTIFACTORY] [INFO ] master.key file currently missing - waiting for Access to create it. Reattempting to check master.key file existence in 1 second.
2018-04-13 06:24:23 [ARTIFACTORY] [INFO ] master.key file currently missing - waiting for Access to create it. Reattempting to check master.key file existence in 1 second.
2018-04-13 06:24:24 [ARTIFACTORY] [INFO ] master.key file currently missing - waiting for Access to create it. Reattempting to check master.key file existence in 1 second.
2018-04-13 06:24:25 [ARTIFACTORY] [INFO ] master.key file currently missing - waiting for Access to create it. Reattempting to check master.key file existence in 1 second.
2018-04-13 06:24:25,993 [localhost-startStop-1] [JFrog-Access] [INFO ] (o.j.a.s.d.u.AccessJdbcHelperImpl:129) - Database: Apache Derby 10.11.1.1 - (1616546). Driver: Apache Derby Embedded JDBC Driver 10.11.1.1 - (1616546)
2018-04-13 06:24:25,994 [localhost-startStop-1] [JFrog-Access] [INFO ] (o.j.a.s.d.u.AccessJdbcHelperImpl:132) - Connection URL: jdbc:derby:/var/opt/jfrog/artifactory/data/derby
2018-04-13 06:24:26 [ARTIFACTORY] [INFO ] master.key file currently missing - waiting for Access to create it. Reattempting to check master.key file existence in 1 second.
2018-04-13 06:24:26,397 [localhost-startStop-1] [JFrog-Access] [INFO ] (o.j.a.s.d.u.AccessJdbcHelperImpl:141) - ***Creating database schema***
2018-04-13 06:24:27 [ARTIFACTORY] [INFO ] master.key file currently missing - waiting for Access to create it. Reattempting to check master.key file existence in 1 second.
2018-04-13 06:24:27,548 [localhost-startStop-1] [JFrog-Access] [INFO ] (o.j.a.s.d.u.AccessJdbcHelperImpl:157) - Setting new schema baseline to latest version: 3.5
2018-04-13 06:24:28 [ARTIFACTORY] [INFO ] master.key file currently missing - waiting for Access to create it. Reattempting to check master.key file existence in 1 second.
2018-04-13 06:24:28,725 [localhost-startStop-1] [JFrog-Access] [INFO ] (o.j.a.c.InternalConfigurationServiceBase:100) - Configuration data wasn't found in db. Loading defaults
2018-04-13 06:24:29 [ARTIFACTORY] [INFO ] master.key file currently missing - waiting for Access to create it. Reattempting to check master.key file existence in 1 second.
2018-04-13 06:24:29,558 [localhost-startStop-1] [JFrog-Access] [INFO ] (o.j.s.m.MasterKeyBootstrapper:56) - No master.key was supplied (system prop or file), attempting to generate new master.key
2018-04-13 06:24:29,750 [localhost-startStop-1] [JFrog-Access] [INFO ] (o.j.a.m.ConfigMigrationRunner:73) - Current version of access.properties is 1, latest version is 2. Applying migrations.
2018-04-13 06:24:29,750 [localhost-startStop-1] [JFrog-Access] [INFO ] (o.j.a.m.ConfigMigrationRunner:73) - Migrating access.properties to version 2
2018-04-13 06:24:29,752 [localhost-startStop-1] [JFrog-Access] [INFO ] (o.j.a.s.s.AccessStartupUtil:41) - [ACCESS BOOTSTRAP] Server name not found in access properties. Setting value to e0b7c04f-1c8c-4991-9cd1-80167279ef46
2018-04-13 06:24:30 [ARTIFACTORY] [INFO ] Master key file found.
06:24:30.394 [localhost-startStop-2] DEBUG org.jfrog.storage.util.DbUtils - My schema name is: APP
06:24:30.409 [localhost-startStop-2] INFO org.artifactory.storage.db.version.converter.DbSqlConverterUtil - Starting schema conversion: /conversion/derby/derby_v570a.sql
06:24:30.410 [localhost-startStop-2] DEBUG org.jfrog.storage.util.DbStatementUtils - Executing query:
CREATE TABLE master_key_status (
  is_unique_key     SMALLINT      NOT NULL,
  status            VARCHAR(16)   NOT NULL,
  set_by_node_id    VARCHAR(64)   NOT NULL,
  kid               CHAR(64)      NOT NULL,
  expires           BIGINT        NOT NULL,
  CONSTRAINT kid_pk PRIMARY KEY (kid),
  CONSTRAINT unique_key UNIQUE (is_unique_key)
)
06:24:30.519 [localhost-startStop-2] INFO org.artifactory.storage.db.version.converter.DbSqlConverterUtil - Finished schema conversion: /conversion/derby/derby_v570a.sql
06:24:30.552 [localhost-startStop-2] DEBUG org.artifactory.converter.VersionProviderImpl - Resolved original db version 'v5102' from existing local artifactory.properties file
06:24:30.552 [localhost-startStop-2] DEBUG org.artifactory.converter.VersionProviderImpl - Last Artifactory database version is: v5102
06:24:30.552 [localhost-startStop-2] DEBUG org.jfrog.storage.util.DbUtils - My schema name is: APP
2018-04-13 06:24:31,009 [localhost-startStop-1] [JFrog-Access] [INFO ] (o.j.a.s.s.t.TokenServiceImpl:100) - Scheduling task for revoking expired tokens using cron expression: 0 0 0/1 * * ?
2018-04-13 06:24:31,087 [localhost-startStop-1] [JFrog-Access] [INFO ] (o.j.a.s.r.c.RpcServiceInvoker:86) - Added service: sync
2018-04-13 06:24:31 [ARTIFACTORY] [INFO ] Starting Artifactory [artifactory.home=/var/opt/jfrog/artifactory].
2018-04-13 06:24:31,696 [localhost-startStop-1] [JFrog-Access] [INFO ] (o.j.a.s.AccessServerBootstrapImpl:92) - [ACCESS BOOTSTRAP] Starting JFrog Access bootstrap...
2018-04-13 06:24:31,700 [localhost-startStop-1] [JFrog-Access] [INFO ] (o.j.a.s.s.CertificateServiceImpl:386) - [ACCESS BOOTSTRAP] Generating private key and root certificate
2018-04-13 06:24:31,839 [art-init] [INFO ] (o.a.w.s.ArtifactoryContextConfigListener:265) - 
                _   _  __           _                      ____   _____ _____
     /\        | | (_)/ _|         | |                    / __ \ / ____/ ____|
    /  \   _ __| |_ _| |_ __ _  ___| |_ ___  _ __ _   _  | |  | | (___| (___
   / /\ \ | '__| __| |  _/ _` |/ __| __/ _ \| '__| | | | | |  | |\___ \\___ \
  / ____ \| |  | |_| | || (_| | (__| || (_) | |  | |_| | | |__| |____) |___) |
 /_/    \_\_|   \__|_|_| \__,_|\___|\__\___/|_|   \__, |  \____/|_____/_____/
 Version:  5.10.2                                  __/ |
 Revision: 51002900                               |___/
 Artifactory Home: '/var/opt/jfrog/artifactory'

2018-04-13 06:24:32,147 [art-init] [INFO ] (o.a.s.ArtifactoryApplicationContext:493) - Artifactory application context set to NOT READY by refresh
2018-04-13 06:24:32,148 [art-init] [INFO ] (o.a.s.ArtifactoryApplicationContext:233) - Refreshing artifactory: startup date [Fri Apr 13 06:24:32 UTC 2018]; root of context hierarchy
Apr 13, 2018 6:24:32 AM org.apache.catalina.startup.HostConfig deployDescriptor
INFO: Deployment of configuration descriptor [/opt/jfrog/artifactory/tomcat/conf/Catalina/localhost/artifactory.xml] has finished in [21,038] ms
2018-04-13 06:24:34,375 [localhost-startStop-1] [JFrog-Access] [INFO ] (o.j.a.s.m.CertificateMigrationImpl:71) - [Certificate Migration] Recreating root certificate to match current certificate version
2018-04-13 06:24:34,379 [localhost-startStop-1] [JFrog-Access] [INFO ] (o.j.a.s.m.CertificateMigrationImpl:95) - [Certificate Migration] Creating root certificate for version: null
2018-04-13 06:24:35,050 [localhost-startStop-1] [JFrog-Access] [INFO ] (o.j.a.s.m.CertificateMigrationImpl:82) - [Certificate Migration] Saved new root certificate in: /var/opt/jfrog/artifactory/access/etc/keys/root.crt
2018-04-13 06:24:36,869 [localhost-startStop-1] [JFrog-Access] [INFO ] (o.j.a.s.AccessServerBootstrapImpl:145) - [ACCESS BOOTSTRAP] Updating server 'e0b7c04f-1c8c-4991-9cd1-80167279ef46' private key finger print to: 426b9c9c968d3a752d8347f184859f9a85e87844507991aabff7635c1f42cd2a
2018-04-13 06:24:37,036 [localhost-startStop-1] [JFrog-Access] [INFO ] (o.j.a.s.AccessServerBootstrapImpl:273) - [ACCESS BOOTSTRAP] No admin user exists - generating an admin user, credentials will be saved to: /var/opt/jfrog/artifactory/access/etc/generated.creds
2018-04-13 06:24:37,551 [localhost-startStop-1] [JFrog-Access] [INFO ] (o.j.a.s.AccessServerBootstrapImpl:311) - [ACCESS BOOTSTRAP] Writing updated credentials to the bundling Artifactory: /var/opt/jfrog/artifactory/etc/security/access/bootstrap.creds
2018-04-13 06:24:37,557 [localhost-startStop-1] [JFrog-Access] [INFO ] (o.j.a.s.AccessServerBootstrapImpl:244) - [ACCESS BOOTSTRAP] Creating default access admin permission 'jfac@01caytt97y2y4q0dyyg7md0qsn-admin'
2018-04-13 06:24:37,661 [localhost-startStop-1] [JFrog-Access] [INFO ] (o.j.a.s.AccessServerBootstrapImpl:266) - [ACCESS BOOTSTRAP] Assigning user 'access-admin' to admin permission 'jfac@01caytt97y2y4q0dyyg7md0qsn-admin'.
2018-04-13 06:24:37,770 [localhost-startStop-1] [JFrog-Access] [INFO ] (o.j.a.s.AccessServerBootstrapImpl:107) - [ACCESS BOOTSTRAP] JFrog Access bootstrap finished.
2018-04-13 06:24:41,912 [localhost-startStop-1] [JFrog-Access] [INFO ] (o.j.a.s.s.s.RefreshableScheduledJob:52) - Scheduling heartbeat task to run every 5 seconds
2018-04-13 06:24:43,547 [art-init] [INFO ] (o.a.s.d.DbServiceImpl:244) - Database: Apache Derby 10.11.1.1 - (1616546). Driver: Apache Derby Embedded JDBC Driver 10.11.1.1 - (1616546) Pool: derby
2018-04-13 06:24:43,548 [art-init] [INFO ] (o.a.s.d.DbServiceImpl:247) - Connection URL: jdbc:derby:/var/opt/jfrog/artifactory/data/derby
2018-04-13 06:24:43,549 [art-init] [INFO ] (o.a.s.d.DbServiceImpl:117) - ***Creating database schema***
2018-04-13 06:24:47,827 [localhost-startStop-1] [JFrog-Access] [INFO ] (o.j.a.AccessApplication:57) - Started AccessApplication in 33.926 seconds (JVM running for 37.86)
Apr 13, 2018 6:24:47 AM org.apache.catalina.startup.HostConfig deployDescriptor
INFO: Deployment of configuration descriptor [/opt/jfrog/artifactory/tomcat/conf/Catalina/localhost/access.xml] has finished in [36,701] ms
Apr 13, 2018 6:24:47 AM org.apache.catalina.startup.HostConfig deployDirectory
INFO: Deploying web application directory [/opt/jfrog/artifactory/tomcat/webapps/ROOT]
Apr 13, 2018 6:24:47 AM org.apache.catalina.startup.HostConfig deployDirectory
INFO: Deployment of web application directory [/opt/jfrog/artifactory/tomcat/webapps/ROOT] has finished in [75] ms
Apr 13, 2018 6:24:47 AM org.apache.coyote.AbstractProtocol start
INFO: Starting ProtocolHandler ["http-nio-8081"]
Apr 13, 2018 6:24:48 AM org.apache.coyote.AbstractProtocol start
INFO: Starting ProtocolHandler ["http-nio-8040"]
Apr 13, 2018 6:24:48 AM org.apache.coyote.AbstractProtocol start
INFO: Starting ProtocolHandler ["ajp-nio-8019"]
2018-04-13 06:24:49,779 [art-init] [INFO ] (o.a.s.d.DbServiceImpl:124) - ***Database schema created***
2018-04-13 06:24:50,450 [art-init] [INFO ] (o.j.s.b.p.t.BinaryProviderClassScanner:76) - Added 'empty, external-file, external-wrapper, file-system, cache-fs, retry' from jar:file:/opt/jfrog/artifactory/tomcat/webapps/artifactory/WEB-INF/lib/binary-store-core-2.1.2.jar!/
2018-04-13 06:24:50,451 [art-init] [INFO ] (o.j.s.b.p.t.BinaryProviderClassScanner:76) - Added 'blob' from jar:file:/opt/jfrog/artifactory/tomcat/webapps/artifactory/WEB-INF/lib/artifactory-storage-db-5.10.2.jar!/
2018-04-13 06:24:54,617 [art-init] [INFO ] (o.a.s.ArtifactorySchedulerFactoryBean:647) - Starting Quartz Scheduler now
2018-04-13 06:24:54,785 [art-init] [INFO ] (o.a.s.ArtifactoryApplicationContext:240) - Artifactory context starting up 39 Spring Beans...
2018-04-13 06:24:54,821 [art-init] [INFO ] (o.a.c.CentralConfigServiceImpl:280) - Loading bootstrap configuration (artifactory home dir is /var/opt/jfrog/artifactory).
2018-04-13 06:24:55,827 [art-init] [INFO ] (o.a.c.CentralConfigServiceImpl:321) - Saving new configuration in storage...
2018-04-13 06:24:55,990 [art-init] [INFO ] (o.a.s.a.AccessServiceImpl:357) - Initialzed new service id: jfrt@01caytv8njnjgb1zwdkfhz1ymp
2018-04-13 06:24:56,392 [art-init] [INFO ] (o.a.s.a.ArtifactoryAccessClientConfigStore:556) - Using Access Server URL: http://localhost:8040/access (bundled) source: detected
2018-04-13 06:24:56,898 [art-init] [INFO ] (o.a.s.a.AccessServiceImpl:290) - Waiting for access server...
2018-04-13 06:24:59,055 [art-init] [INFO ] (o.a.s.a.AccessServiceImpl:297) - Got response from Access server after 2156 ms, continuing.
2018-04-13 06:25:01,117 [art-init] [INFO ] (o.a.s.a.AccessServiceImpl:281) - Initialized access service successfully with client id 1554750241, closing old client id [null]
2018-04-13 06:25:01,118 [art-init] [INFO ] (o.a.s.a.AccessServiceImpl:1003) - Updating access configuration with password expiration data
2018-04-13 06:25:01,996 [art-init] [INFO ] (o.a.i.InfoWriter    :87) - 

 SYSTEM INFORMATION DUMP
 =======================

 User Info
 ========================
   user.country                                                          | US
   user.dir                                                              | /
   user.home                                                             | /home/artifactory
   user.language                                                         | en
   user.name                                                             | artifactory
   user.timezone                                                         | UTC

 Host Info
 ========================
   Available Processors                                                  | 1
   Heap Memory Usage-Commited                                            | 536870912
   Heap Memory Usage-Init                                                | 536870912
   Heap Memory Usage-Max                                                 | 2147483648
   Heap Memory Usage-Used                                                | 244318192
   Non-Heap Memory Usage-Commited                                        | 162914304
   Non-Heap Memory Usage-Init                                            | 2555904
   Non-Heap Memory Usage-Max                                             | -1
   Non-Heap Memory Usage-Used                                            | 156856080
   os.arch                                                               | amd64
   os.name                                                               | Linux
   os.version                                                            | 3.10.0-693.11.6.el7.x86_64

 Artifactory Info
 ========================
   artifactory.runMode.test                                              | false
   artifactory.runMode.qa                                                | false
   artifactory.runMode.dev                                               | false
   artifactory.runMode.devHa                                             | false
   artifactory.version                                                   | 5.10.2
   artifactory.revision                                                  | 51002900
   artifactory.buildNumber                                               | 935
   artifactory.timestamp                                                 | 1523551101501
   artifactory.servlet.supportUrlSessionTracking                         | false
   artifactory.addons.disabled                                           | 
   artifactory.addons.info.url                                           | http://service.jfrog.org/artifactory/addons/info/%s
   artifactory.addons.info.url                                           | http://www.jfrog.com/confluence/display/RTF/%s
   artifactory.async.corePoolSize                                        | 4
   artifactory.async.poolTtlSecs                                         | 60
   artifactory.async.poolMaxQueueSize                                    | 10000
   artifactory.versioningQueryIntervalSecs                               | 7200
   artifactory.logs.viewRefreshRateSecs                                  | 10
   artifactory.locks.timeoutSecs                                         | 120
   artifactory.locks.debugTimeouts                                       | false
   artifactory.task.completionLockTimeoutRetries                         | 100
   artifactory.repo.concurrentDownloadSyncTimeoutSecs                    | 900
   artifactory.repo.downloadStatsEnabled                                 | true
   artifactory.repo.global.disabled                                      | true
   artifactory.fsitem.cache.idleTimeSecs                                 | 1200
   artifactory.docker.tokens.cache.idleTimeSecs                          | 240
   artifactory.artifactory.tokens.cache.idleTimeSecs                     | 600
   artifactory.cacheFS.sync.quietPeriodSecs                              | 900
   artifactory.search.maxResults                                         | 500
   artifactory.search.userQueryLimit                                     | 1000
   artifactory.search.limitAnonymousUsersOnly                            | true
   artifactory.search.content.maxFragments                               | 500
   artifactory.search.content.maxFragmentsSize                           | 5000
   artifactory.search.archive.minQueryLength                             | 3
   artifactory.search.pattern.timeoutSecs                                | 30
   artifactory.gc.useIndex                                               | false
   artifactory.gc.intervalSecs                                           | 86400
   artifactory.gc.delaySecs                                              | 7200
   artifactory.gc.sleepBetweenNodesMillis                                | 20
   artifactory.gc.scanStartSleepingThresholdMillis                       | 20000
   artifactory.gc.scanSleepBetweenIterationsMillis                       | 200
   artifactory.gc.fileScanSleepIterationMillis                           | 1000
   artifactory.gc.fileScanSleepMillis                                    | 250
   artifactory.gc.maxCacheEntries                                        | 10000
   artifactory.gc.readersMaxTimeSecs                                     | 10800
   artifactory.gc.failCount.threshold                                    | 3
   artifactory.traffic.collectionActive                                  | false
   artifactory.security.authentication.cache.initSize                    | 100
   artifactory.security.authentication.cache.idleTimeSecs                | 300
   artifactory.security.userLastAccessUpdatesResolutionSecs              | 5
   artifactory.security.master.key                                       | ************************
   artifactory.security.master.key.numOfFallbackKeys                     | *
   artifactory.security.disableRememberMe                                | false
   artifactory.security.ldap.forceGroupMemberAttFullDN                   | false
   artifactory.security.ldap.disable.group.search.attributes.limitation  | false
   artifactory.security.ldap.group.policy.cleanOnFail                    | true
   artifactory.security.ldap.group.search.filterThreshold                | 0
   artifactory.enable.aql.read.committed                                 | false
   artifactory.mvn.central.hostPattern                                   | .maven.org
   artifactory.mvn.central.indexerMaxQueryIntervalSecs                   | 86400
   artifactory.mvn.metadata.plugin.calculation.workers                   | 2
   artifactory.mvn.metadata.calculation.workers                          | 8
   artifactory.mvn.dynamicMetadata.cacheRetentionSecs                    | 10
   artifactory.mvn.metadata.version3.enabled                             | true
   artifactory.mvn.custom.types                                          | tar.gz,tar.bz2
   artifactory.request.disableVersionTokens                              | false
   artifactory.request.searchLatestReleaseByDateCreated                  | false
   artifactory.npm.tag.tagLatestByPublish                                | false
   artifactory.build.maxFoldersToScanForDeletionWarnings                 | 2
   artifactory.build.checksum.cache.idleTimeSecs                         | 300
   artifactory.updates.refreshIntervalSecs                               | 14400
   artifactory.updates.url                                               | http://service.jfrog.org/artifactory/updates
   artifactory.artifactoryRequestsToGlobalCanRetrieveRemoteArtifacts     | false
   artifactory.ui.syntaxColoringMaxTextSizeBytes                         | 512000
   artifactory.plugin.scripts.refreshIntervalSecs                        | 0
   artifactory.plugin.aol.support                                        | false
   artifactory.aol.dedicated.server                                      | false
   artifactory.aol.displayAccountManagementLink                          | true
   artifactory.aol.security.http.sso.enable                              | false
   artifactory.ui.session.timeout.minutes                                | 30
   artifactory.file.roller.maxFileToRetain                               | 10
   artifactory.backup.fileExportSleepIterationMillis                     | 2000
   artifactory.backup.fileExportSleepMillis                              | 250
   artifactory.s3.existsCheckAfterAddingStream                           | true
   artifactory.http.acceptEncoding.gzip                                  | true
   artifactory.http.useExpectContinue                                    | false
   artifactory.http.forceForbiddenResponse                               | false
   artifactory.http.connectionPool.timeToLive                            | 30
   artifactory.http.enableCookieManagement                               | false
   artifactory.filtering.resourceSizeKb                                  | 64
   artifactory.repo.remote.checkForExistingResourceOnRequest             | true
   artifactory.version.query.enabled                                     | true
   artifactory.response.disableContentDispositionFilename                | false
   artifactory.composer.metadata.extractor.workers                       | 20
   artifactory.composer.metadata.index.workers                           | 10
   artifactory.chef.metadata.index.workers                               | 10
   artifactory.yum.virtual.metadata.calculation.workers                  | 5
   artifactory.rpm.metadata.calculation.workers                          | 8
   artifactory.rpm.metadata.history.cycles.to.keep                       | 3
   artifactory.debian.metadata.calculation.workers                       | 8
   artifactory.debian.remote.etag                                        | true
   artifactory.debian.metadata.validation                                | true
   artifactory.debian.metadata.calculateMd5InPackagesFiles               | false
   artifactory.debian.use.acquire.byhash                                 | true
   artifactory.debian.packages.byhash.history.cycles.to.Keep             | 3
   artifactory.archive.licenseFile.names                                 | license,LICENSE,license.txt,LICENSE.txt,LICENSE.TXT
   artifactory.ui.search.maxRowsPerPage                                  | 20
   artifactory.replication.checksumDeploy.minSizeKb                      | 10
   artifactory.replication.consumer.queueSize                            | 1
   artifactory.replication.local.iteration.sleepThresholdMillis          | 1000
   artifactory.replication.local.iteration.sleepMillis                   | 100
   artifactory.replication.event.queue.size                              | 50000
   artifactory.replication.properties.max.length                         | 100000
   artifactory.replication.statistics.max.length                         | 5000
   artifactory.replication.initContext.task.intervalSecs                 | 60
   artifactory.replication.initContext.task.initialDelaySecs             | 5
   artifactory.request.explodedArchiveExtensions                         | zip,tar,tar.gz,tgz
   artifactory.bintray.jcenter.url                                       | http://jcenter.bintray.com
   artifactory.bintray.url                                               | https://bintray.com
   artifactory.bintray.api.url                                           | https://api.bintray.com
   artifactory.bintray.token.expirySecs                                  | 3600
   artifactory.bintray.distributionRegex.timeoutMillis                   | 180000
   artifactory.bintray.ui.hideUploads                                    | false
   artifactory.bintray.ui.hideInfo                                       | false
   artifactory.bintray.ui.hideRemoteSearch                               | false
   artifactory.bintray.client.threadPool.size                            | 5
   artifactory.enable.ui.pages.in.Iframe                                 | false
   artifactory.bintray.client.requestTimeoutMS                           | 150000
   artifactory.bintray.client.distribution.requestTimeoutMS              | 30000
   artifactory.bintray.client.signRequestTimeoutMS                       | 45000
   artifactory.useUserNameAutoCompleteOnLogin                            | on
   artifactory.ui.hideEncryptedPassword                                  | *****
   artifactory.stats.flushIntervalSecs                                   | 30
   artifactory.stats.remote.flushIntervalSecs                            | 35
   artifactory.stats.flushTimeoutSecs                                    | 120
   artifactory.integrationCleanup.intervalSecs                           | 300
   artifactory.integrationCleanup.quietPeriodSecs                        | 60
   artifactory.folderPruning.intervalSecs                                | 300
   artifactory.folderPruning.quietPeriodSecs                             | 60
   artifactory.repo.virtualCacheCleanup.maxAgeHours                      | 168
   artifactory.repo.virtualCacheCleanup.pattern                          | *.pom
   artifactory.security.authentication.password.salt                     | ****************
   artifactory.db.idGenerator.fetch.amount                               | 2000
   artifactory.db.idGenerator.max.update.retries                         | 50
   artifactory.gems.localIndexTaskIntervalSecs                           | 30
   artifactory.gems.virtualIndexTaskIntervalSecs                         | 300
   artifactory.gems.gemsIndexTaskQueueLimit                              | 20000
   artifactory.gems.gemsAfterRepoInitHack                                | true
   artifactory.security.authentication.crowd.group.startIndex            | 0
   artifactory.security.authentication.crowd.group.maxResults            | 9999
   artifactory.ui.hideChecksums                                          | true
   artifactory.archive.indexer.intervalSecs                              | 60
   artifactory.xray.indexer.intervalSecs                                 | 60
   artifactory.xray.client.block.cache.expiration.intervalSecs           | 300
   artifactory.xray.client.block.unscanned.cache.expiration.intervalSecs | 120
   artifactory.xray.client.block.cache.size                              | 100000
   artifactory.xray.client.heartbeat.intervalSecs                        | 5
   artifactory.xray.client.max.connections                               | 50
   artifactory.xray.client.connection.timeout.millis                     | 5000
   artifactory.xray.client.builds.socket.timeout.millis                  | 600000
   artifactory.xray.client.normal.socket.timeout.millis                  | 5000
   artifactory.xray.cleanup.job.quietPeriodSecs                          | 60
   artifactory.xray.cleanup.job.db.query.limit                           | 100
   artifactory.xray.cleanup.job.batch.size                               | 100
   artifactory.xray.cleanup.job.sleep.interval.millis                    | 0
   artifactory.nuget.inMemoryRemoteCaches                                | true
   artifactory.nuget.forceAuthentication                                 | false
   artifactory.nuget.allowRootGetWithAnon                                | false
   artifactory.ha.heartbeat.intervalSecs                                 | 5
   artifactory.ha.heartbeat.staleSecs                                    | 30
   artifactory.ha.heartbeat.recently.worked.trigger.days                 | 7
   artifactory.ha.propagation.http.socketTimeoutMs                       | 5000
   artifactory.ha.propagation.http.connectionTimeoutMs                   | 5000
   artifactory.ha.propagation.http.maxConnectionsPerRoute                | 50
   artifactory.ha.propagation.http.maxTotalConnections                   | 150
   artifactory.ha.propagation.CallTimeoutSecs                            | 30
   artifactory.binary.store.error.notification.intervalSecs              | 30
   artifactory.binary.store.error.notification.staleSecs                 | 30
   artifactory.ha.membersIntroduction.intervalSecs                       | 30
   artifactory.ha.membersIntroduction.staleSecs                          | 30
   artifactory.npm.index.quietPeriodSecs                                 | 60
   artifactory.npm.index.cycleSecs                                       | 60
   artifactory.import.max.parallelRepos                                  | 0
   artifactory.debian.distribution.path                                  | dists
   artifactory.opkg.index.quietPeriodSecs                                | 60
   artifactory.opkg.index.cycleSecs                                      | 2
   artifactory.debian.default.architectures                              | i386,amd64
   artifactory.pypi.index.quietPeriodSecs                                | 60
   artifactory.pypi.index.sleepMilliSecs                                 | 60
   artifactory.docker.cleanup.maxAgeMillis                               | 86400000
   artifactory.docker.tags.cleanup.intervalSecs                          | 300
   artifactory.docker.tags.cleanup.quietPeriodSecs                       | 60
   artifactory.http.range.support                                        | true
   artifactory.acl.dirty.read.timeout                                    | 20000
   artifactory.central.config.dirty.read.timeout.millis                  | 2000
   artifactory.central.config.latest.revisions.expire.after.access.seconds| 21600
   artifactory.central.config.latest.revisions.dictionary.size           | 20
   artifactory.central.config.save.number.of.retries                     | 5
   artifactory.central.config.save.backoff.max.delay                     | 8000
   artifactory.central.config.save.backoff.multiplier                    | 2
   artifactory.repositories.dirty.read.timeout.millis                    | 5000
   artifactory.ping.allowUnauthenticated                                 | false
   artifactory.repo.http.idleConnectionMonitorInterval                   | 10
   artifactory.repo.http.disableIdleConnectionMonitoring                 | false
   artifactory.support.core.bundle.contentCollectionAwaitTimeout         | 60
   artifactory.support.core.bundle.waitForSlotBeforeWithdraw             | 600
   artifactory.support.core.bundle.maxBundles                            | 5
   artifactory.binary.provider.zones                                     | a,b,c
   artifactory.binary.provider.prune.chunk.size                          | 500
   artifactory.properties.search.chunk.size                              | 500
   artifactory.security.useFrontCacheForBlockedUsers                     | true
   artifactory.security.loginBlockDelay                                  | 500
   artifactory.security.password.expiry.passwordExpireNotificationJobIntervalSecs| *****
   artifactory.security.password.expiry.passwordExpireJobIntervalSecs    | *****
   artifactory.security.password.expiry.daysToNotifyBefore               | *
   artifactory.http.client.max.total.connections                         | 50
   artifactory.http.client.max.connections.per.route                     | 50
   artifactory.http.client.max.docker.token.connections                  | 2
   artifactory.hazelcast.max.lock.lease.time.minutes                     | 30
   artifactory.repo.remote.blockedMismatchingMimeTypes                   | text/html,application/xhtml+xml
   artifactory.mvn.metadata.calculation.skip.delete.event                | false
   artifactory.repo.remote.browsing.content.length.limit.KB              | 1024
   artifactory.hazelcast.management                                      | false
   artifactory.hazelcast.map.max.backup.count                            | 1
   artifactory.sumologic.api.url                                         | https://auth.sumologic.com
   artifactory.move.copy.max.folder.cache.size                           | 1000000
   artifactory.move.copy.default.transaction.size                        | 1000
   artifactory.node.properties.replace.all                               | false
   artifactory.node.properties.log.performance                           | false
   artifactory.workQueue.execution.syncExecutionTimeoutMillis            | 120000
   artifactory.workQueue.dojob.intervalSecs                              | 600
   artifactory.workitem.max.lock.lease.time.minutes                      | 30
   artifactory.ha.messages.workers                                       | 10
   artifactory.security.communication.constant                           | ArtifactorySecurityCommunicationConstant
   artifactory.nuget.disablePermissionCheck                              | false
   artifactory.treebrowser.sortRepositories.sortByType                   | virtual,distribution,local,remote
   artifactory.maven.metadata.publishModelVersion                        | true
   artifactory.access.token.expiresIn.default                            | 3600
   artifactory.access.client.token.verify.result.cache.size              | -1
   artifactory.access.client.token.verify.result.cache.expiry            | -1
   artifactory.access.client.waitForServer                               | 90
   artifactory.access.client.max.connections                             | 50
   artifactory.access.client.connection.timeout                          | -1
   artifactory.access.client.socket.timeout                              | -1
   artifactory.access.client.ignore.server.version.assertion             | false
   artifactory.puppet.metadata.calculation.workers                       | 5
   artifactory.puppet.repo.metadata.calculation.workers                  | 5
   artifactory.puppet.reindex.period                                     | 1800
   artifactory.puppet.additional.modulegroup                             | 
   artifactory.puppet.additional.endorsement                             | 
   artifactory.onboarding.skipWizard                                     | false
   artifactory.configuration.manager.retry.amount                        | 3
   artifactory.aggregation.time.window.secs                              | 60
   artifactory.most.downloaded.cache.idleTimeSecs                        | 900
   artifactory.replication.eventBased.connection.maxDelay                | 1800000
   artifactory.replications.eventbased.workers                           | 8
   artifactory.replication.eventbased.maxQueueItems                      | 500
   artifactory.build.retention.workers                                   | 10
   artifactory.build.retention.always.async                              | false
   artifactory.locking.provider.type                                     | distributed
   artifactory.map.provider.type                                         | distributed
   artifactory.db.lock.cleanup.job.interval                              | 10
   artifactory.db.lock.cleanup.job.stale.interval                        | 10
   artifactory.migration.job.waitForCluster.sleepIntervalMillis          | 300000
   artifactory.migration.job.dbQueryLimit                                | 100
   artifactory.migration.job.batchSize                                   | 10
   artifactory.migration.job.sleepIntervalMillis                         | 5000
   artifactory.sha2.migration.job.enabled                                | false
   artifactory.sha2.migration.job.queue.workers                          | 2
   artifactory.pathChecksum.migration.job.enabled                        | false
   artifactory.pathChecksum.migration.job.queue.workers                  | 2
   artifactory.upload.failOnChecksumValidationError                      | false
   artifactory.remote.download.inVain.consume.limit.inMegaBytes          | 1
   artifactory.service.name                                              | https://localhost:8080/artifactory/webapp/
   artifactory.helm.metadata.calculation.workers                         | 5
   artifactory.helm.virtual.metadata.calculation.workers                 | 5
   artifactory.sql.converter.allowExternalConversionScripts              | false
   artifactory.master.key.waiting.timeout.millis                         | *****
   artifactory.bootstrap.logger.debug                                    | false
   artifactory.send.overwrites.to.trashcan                               | true
   artifactory.enable.replicator.use                                     | false
   artifactory.min.replicator.use.filesize.in.bytes                      | 100000
   artifactory.block.on.conversion.cache.timeout.in.millis               | 0
   artifactory.node.events.enabled                                       | false
   artifactory.node.events.metrics.enabled                               | false
   artifactory.node.events.max.time                                      | 31536000000
   artifactory.releasebundle.cleanup.maxAgeHours                         | 0
   artifactory.releasebundle.cleanup.intervalSecs                        | 3600
   artifactory.releasebundle.distribute.streaming.intervalSecs           | 15
   artifactory.local.port.for.replicator                                 | 8081
   artifactory.package.native.ui.results                                 | 1000
   artifactory.package.native.ui.include.total.downloads                 | true
   artifactory.package.native.ui.search.by.path                          | false
   artifactory.home                                                      | /var/opt/jfrog/artifactory

 Java System Info
 ========================
   java.class.version                                                    | 52.0
   java.home                                                             | /usr/lib/jvm/java-1.8.0-openjdk-1.8.0.161-2.b14.el7.x86_64/jre
   java.io.tmpdir                                                        | /opt/jfrog/artifactory/tomcat/temp
   java.runtime.name                                                     | OpenJDK Runtime Environment
   java.runtime.version                                                  | 1.8.0_161-b14
   java.specification.name                                               | Java Platform API Specification
   java.specification.vendor                                             | Oracle Corporation
   java.specification.version                                            | 1.8
   java.vendor                                                           | Oracle Corporation
   java.vendor.url                                                       | http://java.oracle.com/
   java.vendor.url.bug                                                   | http://bugreport.sun.com/bugreport/
   java.version                                                          | 1.8.0_161
   java.vm.info                                                          | mixed mode
   java.vm.name                                                          | OpenJDK 64-Bit Server VM
   java.vm.specification.name                                            | Java Virtual Machine Specification
   java.vm.specification.vendor                                          | Oracle Corporation
   java.vm.specification.version                                         | 1.8
   java.vm.vendor                                                        | Oracle Corporation
   java.vm.version                                                       | 25.161-b14
   sun.arch.data.model                                                   | 64
   sun.boot.library.path                                                 | /usr/lib/jvm/java-1.8.0-openjdk-1.8.0.161-2.b14.el7.x86_64/jre/lib/amd64
   sun.cpu.endian                                                        | little
   sun.cpu.isalist                                                       | 
   sun.io.unicode.encoding                                               | UnicodeLittle
   sun.java.launcher                                                     | SUN_STANDARD
   sun.jnu.encoding                                                      | UTF-8
   sun.management.compiler                                               | HotSpot 64-Bit Tiered Compilers
   sun.os.patch.level                                                    | unknown
   JVM Input arguments                                                   | -Djava.util.logging.config.file=/opt/jfrog/artifactory/tomcat/conf/logging.properties
                                                                         | -Djava.util.logging.manager=org.apache.juli.ClassLoaderLogManager
                                                                         | -Djdk.tls.ephemeralDHKeySize=****
                                                                         | -Djava.protocol.handler.pkgs=org.apache.catalina.webresources
                                                                         | -Xms512m
                                                                         | -Xmx2g
                                                                         | -Xss256k
                                                                         | -XX:+UseG1GC
                                                                         | -XX:OnOutOfMemoryError=kill -9 %p
                                                                         | -Djruby.compile.invokedynamic=false
                                                                         | -Dfile.encoding=UTF8
                                                                         | -Dartdist=rpm
                                                                         | -Dorg.apache.tomcat.util.buf.UDecoder.ALLOW_ENCODED_SLASH=true
                                                                         | -Djava.security.egd=file:/dev/./urandom
                                                                         | -Dartifactory.home=/var/opt/jfrog/artifactory
                                                                         | -Dcatalina.base=/opt/jfrog/artifactory/tomcat
                                                                         | -Dcatalina.home=/opt/jfrog/artifactory/tomcat
                                                                         | -Djava.io.tmpdir=/opt/jfrog/artifactory/tomcat/temp

 Java Class Path Info
 ========================
   sun.boot.class.path                                                   | /usr/lib/jvm/java-1.8.0-openjdk-1.8.0.161-2.b14.el7.x86_64/jre/lib/resources.jar
                                                                         | /usr/lib/jvm/java-1.8.0-openjdk-1.8.0.161-2.b14.el7.x86_64/jre/lib/rt.jar
                                                                         | /usr/lib/jvm/java-1.8.0-openjdk-1.8.0.161-2.b14.el7.x86_64/jre/lib/sunrsasign.jar
                                                                         | /usr/lib/jvm/java-1.8.0-openjdk-1.8.0.161-2.b14.el7.x86_64/jre/lib/jsse.jar
                                                                         | /usr/lib/jvm/java-1.8.0-openjdk-1.8.0.161-2.b14.el7.x86_64/jre/lib/jce.jar
                                                                         | /usr/lib/jvm/java-1.8.0-openjdk-1.8.0.161-2.b14.el7.x86_64/jre/lib/charsets.jar
                                                                         | /usr/lib/jvm/java-1.8.0-openjdk-1.8.0.161-2.b14.el7.x86_64/jre/lib/jfr.jar
                                                                         | /usr/lib/jvm/java-1.8.0-openjdk-1.8.0.161-2.b14.el7.x86_64/jre/classes
   java.library.path                                                     | /usr/java/packages/lib/amd64:/usr/lib64:/lib64:/lib:/usr/lib
   java.endorsed.dirs                                                    | /usr/lib/jvm/java-1.8.0-openjdk-1.8.0.161-2.b14.el7.x86_64/jre/lib/endorsed
   java.ext.dirs                                                         | /usr/lib/jvm/java-1.8.0-openjdk-1.8.0.161-2.b14.el7.x86_64/jre/lib/ext:/usr/java/packages/lib/ext
   java.class.path                                                       | /opt/jfrog/artifactory/tomcat/bin/bootstrap.jar
                                                                         | /opt/jfrog/artifactory/tomcat/bin/tomcat-juli.jar

2018-04-13 06:25:02,398 [http-nio-8040-exec-9] [JFrog-Access] [INFO ] (o.j.a.s.s.b.AccessImporterExporterImpl:63) - Exporting groups...
2018-04-13 06:25:02,474 [http-nio-8040-exec-9] [JFrog-Access] [INFO ] (o.j.a.s.s.b.AccessImporterExporterImpl:63) - Exporting federation_events...
2018-04-13 06:25:02,484 [http-nio-8040-exec-9] [JFrog-Access] [INFO ] (o.j.a.s.s.b.AccessImporterExporterImpl:63) - Exporting tokens...
2018-04-13 06:25:02,508 [http-nio-8040-exec-9] [JFrog-Access] [INFO ] (o.j.a.s.s.b.AccessImporterExporterImpl:63) - Exporting federation_servers...
2018-04-13 06:25:02,557 [http-nio-8040-exec-9] [JFrog-Access] [INFO ] (o.j.a.s.s.b.AccessImporterExporterImpl:63) - Exporting permissions...
2018-04-13 06:25:02,570 [http-nio-8040-exec-9] [JFrog-Access] [INFO ] (o.j.a.s.s.b.AccessImporterExporterImpl:63) - Exporting servers...
2018-04-13 06:25:02,574 [http-nio-8040-exec-9] [JFrog-Access] [INFO ] (o.j.a.s.s.b.AccessImporterExporterImpl:63) - Exporting users...
2018-04-13 06:25:02,631 [http-nio-8040-exec-9] [JFrog-Access] [INFO ] (o.j.a.s.s.b.AccessImporterExporterImpl:63) - Exporting config...
2018-04-13 06:25:02,637 [http-nio-8040-exec-9] [JFrog-Access] [INFO ] (o.j.a.s.s.b.AccessImporterExporterImpl:63) - Exporting encryption...
2018-04-13 06:25:02,638 [http-nio-8040-exec-9] [JFrog-Access] [INFO ] (o.j.a.s.s.b.AccessImporterExporterImpl:63) - Exporting home...
2018-04-13 06:25:03,006 [art-init] [INFO ] (o.a.s.SecurityServiceImpl:2406) - Creating the default super user 'admin', since no admin user exists!
2018-04-13 06:25:03,223 [art-init] [INFO ] (o.a.s.SecurityServiceImpl:2437) - Creating the default anonymous user, since it does not exist!
2018-04-13 06:25:03,427 [http-nio-8040-exec-10] [JFrog-Access] [ERROR] (o.j.a.s.a.s.p.SecurityPermissionEventLogProvider:94) - Could not audit custom data for add customData
2018-04-13 06:25:03,486 [http-nio-8040-exec-2] [JFrog-Access] [ERROR] (o.j.a.s.a.s.p.SecurityPermissionEventLogProvider:94) - Could not audit custom data for add customData
2018-04-13 06:25:03,566 [art-init] [INFO ] (o.j.c.w.ConfigurationManagerImpl:439) - Replacing temporary DB channel with permanent DB channel
2018-04-13 06:25:03,567 [art-init] [INFO ] (o.j.c.w.ConfigurationManagerImpl:439) - Successfully closed temporary DB channel
2018-04-13 06:25:03,703 [art-init] [INFO ] (o.j.c.w.ConfigurationManagerImpl:75) - Starting file sync
2018-04-13 06:25:03,741 [Thread-6] [INFO ] (o.j.c.w.FileWatchingManager:63) - Starting watch of folder configurations
2018-04-13 06:25:03,791 [art-init] [INFO ] (o.j.c.w.ConfigurationManagerImpl:28) - [Node ID: dcffd416d3fbe517:243606d4:162bdacfcb5:-8000] detected local modify for config 'artifactory.system.properties'
2018-04-13 06:25:03,807 [art-init] [INFO ] (o.j.c.w.ConfigurationManagerImpl:28) - [Node ID: dcffd416d3fbe517:243606d4:162bdacfcb5:-8000] detected local modify for config 'artifactory.mimeType'
2018-04-13 06:25:03,833 [art-init] [INFO ] (o.j.c.w.ConfigurationManagerImpl:28) - [Node ID: dcffd416d3fbe517:243606d4:162bdacfcb5:-8000] detected local modify for config 'artifactory.binarystore.xml'
2018-04-13 06:25:03,887 [art-init] [INFO ] (o.j.c.w.ConfigurationManagerImpl:28) - [Node ID: dcffd416d3fbe517:243606d4:162bdacfcb5:-8000] detected local modify for config 'artifactory.security.access/keys/access.creds'
2018-04-13 06:25:03,964 [art-init] [INFO ] (o.a.s.ArtifactoryApplicationContext:493) - Artifactory application context set to READY by refresh
2018-04-13 06:25:03,965 [art-init] [INFO ] (o.a.s.ArtifactoryEncryptionServiceImpl:106) - Starting encryption for first Artifactory startup
2018-04-13 06:25:03,965 [art-init] [INFO ] (o.j.s.f.SecurityFolderHelper:153) - Creating artifactory encryption key at /var/opt/jfrog/artifactory/etc/security/artifactory.tmp.key
2018-04-13 06:25:03,967 [art-init] [INFO ] (o.j.c.w.ConfigurationManagerImpl:278) - [Node ID: dcffd416d3fbe517:243606d4:162bdacfcb5:-8000] detected local create for config 'artifactory.security.artifactory.key'
2018-04-13 06:25:03,994 [art-init] [INFO ] (o.j.s.c.EncryptionWrapperFactory:33) - createArtifactoryKeyWrapper  EncryptionWrapperBase{ encodingType=ARTIFACTORY_MASTER, topEncrypter=BytesEncrypterBase{ Cipher='AES128',  keyId='31Be9'}, formatUsed=DotFormat, decrypters=[BytesEncrypterBase{ Cipher='AES128',  keyId='31Be9'}]}
2018-04-13 06:25:03,995 [art-init] [INFO ] (o.j.c.w.ConfigurationManagerImpl:272) - [Node ID: dcffd416d3fbe517:243606d4:162bdacfcb5:-8000] detected local modify for config 'artifactory.security.access/keys/access.creds'
2018-04-13 06:25:04,004 [Thread-6] [INFO ] (o.j.c.w.ConfigurationManagerImpl:272) - [Node ID: dcffd416d3fbe517:243606d4:162bdacfcb5:-8000] detected local modify for config 'artifactory.security.access/keys/access.creds'
2018-04-13 06:25:04,119 [art-init] [INFO ] (o.a.c.CentralConfigServiceImpl:574) - Reloading configuration... old revision 0, new revision 1
2018-04-13 06:25:04,120 [art-init] [INFO ] (o.a.c.CentralConfigServiceImpl:321) - Saving new configuration in storage...
2018-04-13 06:25:04,226 [art-init] [INFO ] (o.a.c.CentralConfigServiceImpl:342) - Force updating new descriptor (old descriptor doesn't support diff). Old descriptor revision 0
2018-04-13 06:25:04,243 [art-init] [INFO ] (o.a.c.CentralConfigServiceImpl:351) - New configuration with revision 1 saved.
2018-04-13 06:25:04,243 [art-init] [INFO ] (o.a.s.ArtifactoryApplicationContext:493) - Artifactory application context set to NOT READY by reload
2018-04-13 06:25:04,434 [art-init] [INFO ] (o.a.s.a.AccessServiceImpl:976) - Reloading Access Service
2018-04-13 06:25:04,454 [art-init] [INFO ] (o.a.s.ArtifactoryApplicationContext:493) - Artifactory application context set to READY by reload
2018-04-13 06:25:04,454 [art-init] [INFO ] (o.a.c.CentralConfigServiceImpl:586) - Configuration reloaded.
2018-04-13 06:25:04,473 [art-init] [INFO ] (o.a.w.s.ArtifactoryContextConfigListener:211) - 
###########################################################
### Artifactory successfully started (32.658 seconds)   ###
###########################################################

[/var/opt/jfrog/artifactory/etc/logback.xml] does not exist.[/var/opt/jfrog/artifactory/access/etc/logback.xml] does not exist.Apr 13, 2018 6:48:49 AM org.apache.catalina.startup.HostConfig undeploy
INFO: Undeploying context [/artifactory]
2018-04-13 06:48:49,088 [ContainerBackgroundProcessor[StandardEngine[Catalina]]] [INFO ] (o.a.s.ArtifactoryApplicationContext:493) - Artifactory application context set to NOT READY by destroy
2018-04-13 06:48:49,098 [Thread-6] [INFO ] (o.j.c.w.FileWatchingManager:115) - Watch service ended on destroy
2018-04-13 06:48:49,098 [Thread-6] [INFO ] (o.j.c.w.FileWatchingManager:121) - End watch of folder configurations
2018-04-13 06:48:49,110 [ContainerBackgroundProcessor[StandardEngine[Catalina]]] [INFO ] (o.a.s.ArtifactoryApplicationContext:329) - Destroying 39 Artifactory Spring Beans
2018-04-13 06:48:49,111 [ContainerBackgroundProcessor[StandardEngine[Catalina]]] [INFO ] (o.a.s.BaseTaskServiceDescriptorHandler:43) - Removing all job Garbage Collector from task service handler.
2018-04-13 06:48:49,113 [ContainerBackgroundProcessor[StandardEngine[Catalina]]] [INFO ] (o.a.s.BaseTaskServiceDescriptorHandler:43) - Removing all job Indexer from task service handler.
2018-04-13 06:48:49,118 [ContainerBackgroundProcessor[StandardEngine[Catalina]]] [INFO ] (o.a.s.BaseTaskServiceDescriptorHandler:43) - Removing all job Backup from task service handler.
2018-04-13 06:48:49,118 [ContainerBackgroundProcessor[StandardEngine[Catalina]]] [INFO ] (o.a.s.BaseTaskServiceDescriptorHandler:43) - Removing all job Artifact Cleanup from task service handler.
2018-04-13 06:48:49,139 [ContainerBackgroundProcessor[StandardEngine[Catalina]]] [INFO ] (o.a.s.ArtifactoryApplicationContext:347) - Closing artifactory: startup date [Fri Apr 13 06:24:32 UTC 2018]; root of context hierarchy
2018-04-13 06:48:49,428 [ContainerBackgroundProcessor[StandardEngine[Catalina]]] [INFO ] (o.a.s.ArtifactorySchedulerFactoryBean:765) - Shutting down Quartz Scheduler
2018-04-13 06:48:49,477 [ContainerBackgroundProcessor[StandardEngine[Catalina]]] [WARN ] (o.a.f.l.ArtifactoryLockFile:84) - Could not delete lock file. [/var/opt/jfrog/artifactory/data/.lock]
Apr 13, 2018 6:48:50 AM org.apache.catalina.startup.HostConfig undeploy
INFO: Undeploying context [/access]
Apr 13, 2018 6:48:50 AM org.apache.catalina.loader.WebappClassLoaderBase checkThreadLocalMapForLeaks
SEVERE: The web application [access] created a ThreadLocal with key of type [org.jfrog.access.server.service.auth.AuthenticationServiceImpl$1] (value [org.jfrog.access.server.service.auth.AuthenticationServiceImpl$1@8231d1e]) and a value of type [org.jfrog.access.server.service.auth.model.AnonymousPrincipal] (value [anonymous]) but failed to remove it when the web application was stopped. Threads are going to be renewed over time to try and avoid a probable memory leak.
Apr 13, 2018 6:48:50 AM org.apache.catalina.loader.WebappClassLoaderBase checkThreadLocalMapForLeaks
SEVERE: The web application [access] created a ThreadLocal with key of type [org.jfrog.access.server.service.auth.AuthenticationServiceImpl$1] (value [org.jfrog.access.server.service.auth.AuthenticationServiceImpl$1@8231d1e]) and a value of type [org.jfrog.access.server.service.auth.model.AnonymousPrincipal] (value [anonymous]) but failed to remove it when the web application was stopped. Threads are going to be renewed over time to try and avoid a probable memory leak.
Apr 13, 2018 6:48:50 AM org.apache.catalina.loader.WebappClassLoaderBase checkThreadLocalMapForLeaks
SEVERE: The web application [access] created a ThreadLocal with key of type [org.jfrog.access.server.service.auth.AuthenticationServiceImpl$1] (value [org.jfrog.access.server.service.auth.AuthenticationServiceImpl$1@8231d1e]) and a value of type [org.jfrog.access.server.service.auth.model.AnonymousPrincipal] (value [anonymous]) but failed to remove it when the web application was stopped. Threads are going to be renewed over time to try and avoid a probable memory leak.
Apr 13, 2018 6:48:50 AM org.apache.catalina.loader.WebappClassLoaderBase checkThreadLocalMapForLeaks
SEVERE: The web application [access] created a ThreadLocal with key of type [org.jfrog.access.server.service.auth.AuthenticationServiceImpl$1] (value [org.jfrog.access.server.service.auth.AuthenticationServiceImpl$1@8231d1e]) and a value of type [org.jfrog.access.server.service.auth.model.AnonymousPrincipal] (value [anonymous]) but failed to remove it when the web application was stopped. Threads are going to be renewed over time to try and avoid a probable memory leak.
Apr 13, 2018 6:48:50 AM org.apache.catalina.loader.WebappClassLoaderBase checkThreadLocalMapForLeaks
SEVERE: The web application [access] created a ThreadLocal with key of type [org.jfrog.access.server.service.auth.AuthenticationServiceImpl$1] (value [org.jfrog.access.server.service.auth.AuthenticationServiceImpl$1@8231d1e]) and a value of type [org.jfrog.access.server.service.auth.model.AnonymousPrincipal] (value [anonymous]) but failed to remove it when the web application was stopped. Threads are going to be renewed over time to try and avoid a probable memory leak.
Apr 13, 2018 6:48:50 AM org.apache.catalina.loader.WebappClassLoaderBase checkThreadLocalMapForLeaks
SEVERE: The web application [access] created a ThreadLocal with key of type [org.jfrog.access.server.service.auth.AuthenticationServiceImpl$1] (value [org.jfrog.access.server.service.auth.AuthenticationServiceImpl$1@8231d1e]) and a value of type [org.jfrog.access.server.service.auth.model.AnonymousPrincipal] (value [anonymous]) but failed to remove it when the web application was stopped. Threads are going to be renewed over time to try and avoid a probable memory leak.
Apr 13, 2018 6:48:50 AM org.apache.catalina.loader.WebappClassLoaderBase checkThreadLocalMapForLeaks
SEVERE: The web application [access] created a ThreadLocal with key of type [org.jfrog.access.server.service.auth.AuthenticationServiceImpl$1] (value [org.jfrog.access.server.service.auth.AuthenticationServiceImpl$1@8231d1e]) and a value of type [org.jfrog.access.server.service.auth.model.AnonymousPrincipal] (value [anonymous]) but failed to remove it when the web application was stopped. Threads are going to be renewed over time to try and avoid a probable memory leak.
Apr 13, 2018 6:48:50 AM org.apache.catalina.loader.WebappClassLoaderBase checkThreadLocalMapForLeaks
SEVERE: The web application [access] created a ThreadLocal with key of type [org.jfrog.access.server.service.auth.AuthenticationServiceImpl$1] (value [org.jfrog.access.server.service.auth.AuthenticationServiceImpl$1@8231d1e]) and a value of type [org.jfrog.access.server.service.auth.model.AnonymousPrincipal] (value [anonymous]) but failed to remove it when the web application was stopped. Threads are going to be renewed over time to try and avoid a probable memory leak.
Apr 13, 2018 6:48:50 AM org.apache.catalina.loader.WebappClassLoaderBase checkThreadLocalMapForLeaks
SEVERE: The web application [access] created a ThreadLocal with key of type [org.jfrog.access.server.service.auth.AuthenticationServiceImpl$1] (value [org.jfrog.access.server.service.auth.AuthenticationServiceImpl$1@8231d1e]) and a value of type [org.jfrog.access.server.service.auth.model.AnonymousPrincipal] (value [anonymous]) but failed to remove it when the web application was stopped. Threads are going to be renewed over time to try and avoid a probable memory leak.
Apr 13, 2018 6:48:50 AM org.apache.catalina.loader.WebappClassLoaderBase checkThreadLocalMapForLeaks
SEVERE: The web application [access] created a ThreadLocal with key of type [org.jfrog.access.server.service.auth.AuthenticationServiceImpl$1] (value [org.jfrog.access.server.service.auth.AuthenticationServiceImpl$1@8231d1e]) and a value of type [org.jfrog.access.server.service.auth.model.AnonymousPrincipal] (value [anonymous]) but failed to remove it when the web application was stopped. Threads are going to be renewed over time to try and avoid a probable memory leak.
Apr 13, 2018 6:48:50 AM org.apache.catalina.startup.HostConfig deployDescriptor
INFO: Deploying configuration descriptor [/opt/jfrog/artifactory/tomcat/conf/Catalina/localhost/access.xml]
Apr 13, 2018 6:48:50 AM org.apache.catalina.startup.ContextConfig beforeStart
SEVERE: Exception fixing docBase for context [/access]
java.io.FileNotFoundException: /var/opt/jfrog/artifactory/webapps/access.war (No such file or directory)
	at java.io.FileInputStream.open0(Native Method)
	at java.io.FileInputStream.open(FileInputStream.java:195)
	at java.io.FileInputStream.<init>(FileInputStream.java:138)
	at java.io.FileInputStream.<init>(FileInputStream.java:93)
	at sun.net.www.protocol.file.FileURLConnection.connect(FileURLConnection.java:90)
	at sun.net.www.protocol.file.FileURLConnection.getInputStream(FileURLConnection.java:188)
	at org.apache.catalina.startup.ExpandWar.expand(ExpandWar.java:90)
	at org.apache.catalina.startup.ContextConfig.fixDocBase(ContextConfig.java:615)
	at org.apache.catalina.startup.ContextConfig.beforeStart(ContextConfig.java:748)
	at org.apache.catalina.startup.ContextConfig.lifecycleEvent(ContextConfig.java:301)
	at org.apache.catalina.util.LifecycleBase.fireLifecycleEvent(LifecycleBase.java:94)
	at org.apache.catalina.util.LifecycleBase.setStateInternal(LifecycleBase.java:395)
	at org.apache.catalina.util.LifecycleBase.start(LifecycleBase.java:149)
	at org.apache.catalina.core.ContainerBase.addChildInternal(ContainerBase.java:752)
	at org.apache.catalina.core.ContainerBase.addChild(ContainerBase.java:728)
	at org.apache.catalina.core.StandardHost.addChild(StandardHost.java:734)
	at org.apache.catalina.startup.HostConfig.deployDescriptor(HostConfig.java:630)
	at org.apache.catalina.startup.HostConfig$DeployDescriptor.run(HostConfig.java:1842)
	at java.util.concurrent.Executors$RunnableAdapter.call(Executors.java:511)
	at java.util.concurrent.FutureTask.run(FutureTask.java:266)
	at java.util.concurrent.ThreadPoolExecutor.runWorker(ThreadPoolExecutor.java:1149)
	at java.util.concurrent.ThreadPoolExecutor$Worker.run(ThreadPoolExecutor.java:624)
	at java.lang.Thread.run(Thread.java:748)

Apr 13, 2018 6:48:50 AM org.apache.catalina.core.StandardContext postWorkDirectory
WARNING: Failed to create work directory [/opt/jfrog/artifactory/tomcat/work/Catalina/localhost/access] for context [/access]
Apr 13, 2018 6:48:50 AM org.apache.catalina.core.ContainerBase addChildInternal
SEVERE: ContainerBase.addChild: start: 
org.apache.catalina.LifecycleException: Failed to start component [StandardEngine[Catalina].StandardHost[localhost].StandardContext[/access]]
	at org.apache.catalina.util.LifecycleBase.start(LifecycleBase.java:167)
	at org.apache.catalina.core.ContainerBase.addChildInternal(ContainerBase.java:752)
	at org.apache.catalina.core.ContainerBase.addChild(ContainerBase.java:728)
	at org.apache.catalina.core.StandardHost.addChild(StandardHost.java:734)
	at org.apache.catalina.startup.HostConfig.deployDescriptor(HostConfig.java:630)
	at org.apache.catalina.startup.HostConfig$DeployDescriptor.run(HostConfig.java:1842)
	at java.util.concurrent.Executors$RunnableAdapter.call(Executors.java:511)
	at java.util.concurrent.FutureTask.run(FutureTask.java:266)
	at java.util.concurrent.ThreadPoolExecutor.runWorker(ThreadPoolExecutor.java:1149)
	at java.util.concurrent.ThreadPoolExecutor$Worker.run(ThreadPoolExecutor.java:624)
	at java.lang.Thread.run(Thread.java:748)
Caused by: org.apache.catalina.LifecycleException: Failed to start component [org.apache.catalina.webresources.StandardRoot@344e94d1]
	at org.apache.catalina.util.LifecycleBase.start(LifecycleBase.java:167)
	at org.apache.catalina.core.StandardContext.resourcesStart(StandardContext.java:4860)
	at org.apache.catalina.core.StandardContext.startInternal(StandardContext.java:4995)
	at org.apache.catalina.util.LifecycleBase.start(LifecycleBase.java:150)
	... 10 more
Caused by: java.lang.IllegalArgumentException: The main resource set specified [/var/opt/jfrog/artifactory/webapps/access.war] is not valid
	at org.apache.catalina.webresources.StandardRoot.createMainResourceSet(StandardRoot.java:749)
	at org.apache.catalina.webresources.StandardRoot.startInternal(StandardRoot.java:706)
	at org.apache.catalina.util.LifecycleBase.start(LifecycleBase.java:150)
	... 13 more

Apr 13, 2018 6:48:50 AM org.apache.catalina.startup.HostConfig deployDescriptor
SEVERE: Error deploying configuration descriptor [/opt/jfrog/artifactory/tomcat/conf/Catalina/localhost/access.xml]
java.lang.IllegalStateException: ContainerBase.addChild: start: org.apache.catalina.LifecycleException: Failed to start component [StandardEngine[Catalina].StandardHost[localhost].StandardContext[/access]]
	at org.apache.catalina.core.ContainerBase.addChildInternal(ContainerBase.java:756)
	at org.apache.catalina.core.ContainerBase.addChild(ContainerBase.java:728)
	at org.apache.catalina.core.StandardHost.addChild(StandardHost.java:734)
	at org.apache.catalina.startup.HostConfig.deployDescriptor(HostConfig.java:630)
	at org.apache.catalina.startup.HostConfig$DeployDescriptor.run(HostConfig.java:1842)
	at java.util.concurrent.Executors$RunnableAdapter.call(Executors.java:511)
	at java.util.concurrent.FutureTask.run(FutureTask.java:266)
	at java.util.concurrent.ThreadPoolExecutor.runWorker(ThreadPoolExecutor.java:1149)
	at java.util.concurrent.ThreadPoolExecutor$Worker.run(ThreadPoolExecutor.java:624)
	at java.lang.Thread.run(Thread.java:748)

Apr 13, 2018 6:48:50 AM org.apache.catalina.startup.HostConfig deployDescriptor
INFO: Deployment of configuration descriptor [/opt/jfrog/artifactory/tomcat/conf/Catalina/localhost/access.xml] has finished in [20] ms
Apr 13, 2018 6:48:50 AM org.apache.catalina.startup.HostConfig deployDescriptor
INFO: Deploying configuration descriptor [/opt/jfrog/artifactory/tomcat/conf/Catalina/localhost/artifactory.xml]
Apr 13, 2018 6:48:50 AM org.apache.catalina.startup.ContextConfig beforeStart
SEVERE: Exception fixing docBase for context [/artifactory]
java.io.FileNotFoundException: /var/opt/jfrog/artifactory/webapps/artifactory.war (No such file or directory)
	at java.io.FileInputStream.open0(Native Method)
	at java.io.FileInputStream.open(FileInputStream.java:195)
	at java.io.FileInputStream.<init>(FileInputStream.java:138)
	at java.io.FileInputStream.<init>(FileInputStream.java:93)
	at sun.net.www.protocol.file.FileURLConnection.connect(FileURLConnection.java:90)
	at sun.net.www.protocol.file.FileURLConnection.getInputStream(FileURLConnection.java:188)
	at org.apache.catalina.startup.ExpandWar.expand(ExpandWar.java:90)
	at org.apache.catalina.startup.ContextConfig.fixDocBase(ContextConfig.java:615)
	at org.apache.catalina.startup.ContextConfig.beforeStart(ContextConfig.java:748)
	at org.apache.catalina.startup.ContextConfig.lifecycleEvent(ContextConfig.java:301)
	at org.apache.catalina.util.LifecycleBase.fireLifecycleEvent(LifecycleBase.java:94)
	at org.apache.catalina.util.LifecycleBase.setStateInternal(LifecycleBase.java:395)
	at org.apache.catalina.util.LifecycleBase.start(LifecycleBase.java:149)
	at org.apache.catalina.core.ContainerBase.addChildInternal(ContainerBase.java:752)
	at org.apache.catalina.core.ContainerBase.addChild(ContainerBase.java:728)
	at org.apache.catalina.core.StandardHost.addChild(StandardHost.java:734)
	at org.apache.catalina.startup.HostConfig.deployDescriptor(HostConfig.java:630)
	at org.apache.catalina.startup.HostConfig$DeployDescriptor.run(HostConfig.java:1842)
	at java.util.concurrent.Executors$RunnableAdapter.call(Executors.java:511)
	at java.util.concurrent.FutureTask.run(FutureTask.java:266)
	at java.util.concurrent.ThreadPoolExecutor.runWorker(ThreadPoolExecutor.java:1149)
	at java.util.concurrent.ThreadPoolExecutor$Worker.run(ThreadPoolExecutor.java:624)
	at java.lang.Thread.run(Thread.java:748)

Apr 13, 2018 6:48:50 AM org.apache.catalina.core.StandardContext postWorkDirectory
WARNING: Failed to create work directory [/opt/jfrog/artifactory/tomcat/work/Catalina/localhost/artifactory] for context [/artifactory]
Apr 13, 2018 6:48:50 AM org.apache.catalina.core.ContainerBase addChildInternal
SEVERE: ContainerBase.addChild: start: 
org.apache.catalina.LifecycleException: Failed to start component [StandardEngine[Catalina].StandardHost[localhost].StandardContext[/artifactory]]
	at org.apache.catalina.util.LifecycleBase.start(LifecycleBase.java:167)
	at org.apache.catalina.core.ContainerBase.addChildInternal(ContainerBase.java:752)
	at org.apache.catalina.core.ContainerBase.addChild(ContainerBase.java:728)
	at org.apache.catalina.core.StandardHost.addChild(StandardHost.java:734)
	at org.apache.catalina.startup.HostConfig.deployDescriptor(HostConfig.java:630)
	at org.apache.catalina.startup.HostConfig$DeployDescriptor.run(HostConfig.java:1842)
	at java.util.concurrent.Executors$RunnableAdapter.call(Executors.java:511)
	at java.util.concurrent.FutureTask.run(FutureTask.java:266)
	at java.util.concurrent.ThreadPoolExecutor.runWorker(ThreadPoolExecutor.java:1149)
	at java.util.concurrent.ThreadPoolExecutor$Worker.run(ThreadPoolExecutor.java:624)
	at java.lang.Thread.run(Thread.java:748)
Caused by: org.apache.catalina.LifecycleException: Failed to start component [org.apache.catalina.webresources.StandardRoot@3fd9f6b8]
	at org.apache.catalina.util.LifecycleBase.start(LifecycleBase.java:167)
	at org.apache.catalina.core.StandardContext.resourcesStart(StandardContext.java:4860)
	at org.apache.catalina.core.StandardContext.startInternal(StandardContext.java:4995)
	at org.apache.catalina.util.LifecycleBase.start(LifecycleBase.java:150)
	... 10 more
Caused by: java.lang.IllegalArgumentException: The main resource set specified [/var/opt/jfrog/artifactory/webapps/artifactory.war] is not valid
	at org.apache.catalina.webresources.StandardRoot.createMainResourceSet(StandardRoot.java:749)
	at org.apache.catalina.webresources.StandardRoot.startInternal(StandardRoot.java:706)
	at org.apache.catalina.util.LifecycleBase.start(LifecycleBase.java:150)
	... 13 more

Apr 13, 2018 6:48:50 AM org.apache.catalina.startup.HostConfig deployDescriptor
SEVERE: Error deploying configuration descriptor [/opt/jfrog/artifactory/tomcat/conf/Catalina/localhost/artifactory.xml]
java.lang.IllegalStateException: ContainerBase.addChild: start: org.apache.catalina.LifecycleException: Failed to start component [StandardEngine[Catalina].StandardHost[localhost].StandardContext[/artifactory]]
	at org.apache.catalina.core.ContainerBase.addChildInternal(ContainerBase.java:756)
	at org.apache.catalina.core.ContainerBase.addChild(ContainerBase.java:728)
	at org.apache.catalina.core.StandardHost.addChild(StandardHost.java:734)
	at org.apache.catalina.startup.HostConfig.deployDescriptor(HostConfig.java:630)
	at org.apache.catalina.startup.HostConfig$DeployDescriptor.run(HostConfig.java:1842)
	at java.util.concurrent.Executors$RunnableAdapter.call(Executors.java:511)
	at java.util.concurrent.FutureTask.run(FutureTask.java:266)
	at java.util.concurrent.ThreadPoolExecutor.runWorker(ThreadPoolExecutor.java:1149)
	at java.util.concurrent.ThreadPoolExecutor$Worker.run(ThreadPoolExecutor.java:624)
	at java.lang.Thread.run(Thread.java:748)

Apr 13, 2018 6:48:50 AM org.apache.catalina.startup.HostConfig deployDescriptor
INFO: Deployment of configuration descriptor [/opt/jfrog/artifactory/tomcat/conf/Catalina/localhost/artifactory.xml] has finished in [12] ms
Apr 13, 2018 6:51:31 AM org.apache.catalina.startup.HostConfig undeploy
INFO: Undeploying context []
Apr 13, 2018 6:51:31 AM org.apache.catalina.startup.HostConfig undeploy
INFO: Undeploying context [/artifactory]
Apr 13, 2018 6:51:32 AM org.apache.catalina.startup.HostConfig undeploy
INFO: Undeploying context [/access]
